2025-05-17 22:03:05,190 - root - INFO - Uygulama başlatılıyor...
2025-05-17 22:03:05,191 - root - WARNING - Veritabanı silinemedi, zaten temizlenmiş olabilir: c:\Users\ahmet\OneDrive\Masaüstü\TezgahTakipQt\database\..\tezgah_takip.db
2025-05-17 22:03:05,195 - root - INFO - Tüm tablolar başarıyla oluşturuldu
2025-05-17 22:03:05,197 - root - INFO - Otomatik yedek oluşturuldu
2025-05-17 22:03:08,313 - urllib3.connectionpool - DEBUG - Starting new HTTPS connection (1): api.github.com:443
2025-05-17 22:03:08,940 - urllib3.connectionpool - DEBUG - https://api.github.com:443 "GET /repos/kullanici_adi/TezgahTakipQt/releases/latest HTTP/1.1" 404 125
2025-05-17 22:03:08,987 - urllib3.connectionpool - DEBUG - Starting new HTTPS connection (1): api.github.com:443
2025-05-17 22:03:09,612 - urllib3.connectionpool - DEBUG - https://api.github.com:443 "GET /repos/PobloMert/TezgahTakip/releases/latest HTTP/1.1" 200 1156
2025-05-17 22:03:53,297 - root - INFO - Uygulama başlatılıyor...
2025-05-17 22:03:53,301 - root - WARNING - Veritabanı silinemedi, zaten temizlenmiş olabilir: c:\Users\ahmet\OneDrive\Masaüstü\TezgahTakipQt\database\..\tezgah_takip.db
2025-05-17 22:03:53,320 - root - INFO - Tüm tablolar başarıyla oluşturuldu
2025-05-17 22:03:53,325 - root - INFO - Otomatik yedek oluşturuldu
2025-05-17 22:03:53,663 - urllib3.connectionpool - DEBUG - Starting new HTTPS connection (1): api.github.com:443
2025-05-17 22:03:54,270 - urllib3.connectionpool - DEBUG - https://api.github.com:443 "GET /repos/kullanici_adi/TezgahTakipQt/releases/latest HTTP/1.1" 404 125
2025-05-17 22:03:54,419 - urllib3.connectionpool - DEBUG - Starting new HTTPS connection (1): api.github.com:443
2025-05-17 22:03:55,019 - urllib3.connectionpool - DEBUG - https://api.github.com:443 "GET /repos/PobloMert/TezgahTakip/releases/latest HTTP/1.1" 200 1156
2025-05-17 22:04:42,372 - root - INFO - Uygulama başlatılıyor...
2025-05-17 22:04:42,372 - root - WARNING - Veritabanı silinemedi, zaten temizlenmiş olabilir: c:\Users\ahmet\OneDrive\Masaüstü\TezgahTakipQt\database\..\tezgah_takip.db
2025-05-17 22:04:42,374 - root - INFO - Tüm tablolar başarıyla oluşturuldu
2025-05-17 22:04:42,375 - root - INFO - Otomatik yedek oluşturuldu
2025-05-17 22:04:42,687 - urllib3.connectionpool - DEBUG - Starting new HTTPS connection (1): api.github.com:443
2025-05-17 22:04:43,318 - urllib3.connectionpool - DEBUG - https://api.github.com:443 "GET /repos/PobloMert/TezgahTakipQt/releases/latest HTTP/1.1" 404 125
2025-05-17 22:04:43,461 - urllib3.connectionpool - DEBUG - Starting new HTTPS connection (1): api.github.com:443
2025-05-17 22:04:44,082 - urllib3.connectionpool - DEBUG - https://api.github.com:443 "GET /repos/PobloMert/TezgahTakip/releases/latest HTTP/1.1" 200 1156
2025-05-17 22:05:24,689 - root - INFO - Uygulama başlatılıyor...
2025-05-17 22:05:24,689 - root - WARNING - Veritabanı silinemedi, zaten temizlenmiş olabilir: c:\Users\ahmet\OneDrive\Masaüstü\TezgahTakipQt\database\..\tezgah_takip.db
2025-05-17 22:05:24,689 - root - INFO - Tüm tablolar başarıyla oluşturuldu
2025-05-17 22:05:24,703 - root - CRITICAL - Kritik başlatma hatası: Table 'tezgah' is already defined for this MetaData instance.  Specify 'extend_existing=True' to redefine options and columns on an existing Table object.
Traceback (most recent call last):
  File "c:\Users\ahmet\OneDrive\Masaüstü\TezgahTakipQt\main.py", line 55, in main
    from tests.sample_data import create_sample_data
  File "c:\Users\ahmet\OneDrive\Masaüstü\TezgahTakipQt\tests\sample_data.py", line 4, in <module>
    from models.tezgah import Tezgah
  File "c:\Users\ahmet\OneDrive\Masaüstü\TezgahTakipQt\models\tezgah.py", line 9, in <module>
    class Tezgah(Base):
  File "C:\Users\ahmet\AppData\Local\Packages\PythonSoftwareFoundation.Python.3.11_qbz5n2kfra8p0\LocalCache\local-packages\Python311\site-packages\sqlalchemy\orm\decl_api.py", line 76, in __init__
    _as_declarative(reg, cls, dict_)
  File "C:\Users\ahmet\AppData\Local\Packages\PythonSoftwareFoundation.Python.3.11_qbz5n2kfra8p0\LocalCache\local-packages\Python311\site-packages\sqlalchemy\orm\decl_base.py", line 126, in _as_declarative
    return _MapperConfig.setup_mapping(registry, cls, dict_, None, {})
           ^^^^^^^^^^^^^^^^^^^^^^^^^^^^^^^^^^^^^^^^^^^^^^^^^^^^^^^^^^^
  File "C:\Users\ahmet\AppData\Local\Packages\PythonSoftwareFoundation.Python.3.11_qbz5n2kfra8p0\LocalCache\local-packages\Python311\site-packages\sqlalchemy\orm\decl_base.py", line 183, in setup_mapping
    return cfg_cls(registry, cls_, dict_, table, mapper_kw)
           ^^^^^^^^^^^^^^^^^^^^^^^^^^^^^^^^^^^^^^^^^^^^^^^^
  File "C:\Users\ahmet\AppData\Local\Packages\PythonSoftwareFoundation.Python.3.11_qbz5n2kfra8p0\LocalCache\local-packages\Python311\site-packages\sqlalchemy\orm\decl_base.py", line 331, in __init__
    self._setup_table(table)
  File "C:\Users\ahmet\AppData\Local\Packages\PythonSoftwareFoundation.Python.3.11_qbz5n2kfra8p0\LocalCache\local-packages\Python311\site-packages\sqlalchemy\orm\decl_base.py", line 854, in _setup_table
    table_cls(
  File "<string>", line 2, in __new__
  File "C:\Users\ahmet\AppData\Local\Packages\PythonSoftwareFoundation.Python.3.11_qbz5n2kfra8p0\LocalCache\local-packages\Python311\site-packages\sqlalchemy\util\deprecations.py", line 375, in warned
    return fn(*args, **kwargs)
           ^^^^^^^^^^^^^^^^^^^
  File "C:\Users\ahmet\AppData\Local\Packages\PythonSoftwareFoundation.Python.3.11_qbz5n2kfra8p0\LocalCache\local-packages\Python311\site-packages\sqlalchemy\sql\schema.py", line 596, in __new__
    raise exc.InvalidRequestError(
sqlalchemy.exc.InvalidRequestError: Table 'tezgah' is already defined for this MetaData instance.  Specify 'extend_existing=True' to redefine options and columns on an existing Table object.
2025-05-17 22:05:35,116 - root - INFO - Uygulama başlatılıyor...
2025-05-17 22:05:35,116 - root - WARNING - Veritabanı silinemedi, zaten temizlenmiş olabilir: c:\Users\ahmet\OneDrive\Masaüstü\TezgahTakipQt\database\..\tezgah_takip.db
2025-05-17 22:05:35,116 - root - INFO - Tüm tablolar başarıyla oluşturuldu
2025-05-17 22:05:35,121 - root - INFO - Otomatik yedek oluşturuldu
2025-05-17 22:05:35,418 - urllib3.connectionpool - DEBUG - Starting new HTTPS connection (1): api.github.com:443
2025-05-17 22:05:36,061 - urllib3.connectionpool - DEBUG - https://api.github.com:443 "GET /repos/PobloMert/TezgahTakipQt/releases/latest HTTP/1.1" 404 125
2025-05-17 22:05:36,198 - urllib3.connectionpool - DEBUG - Starting new HTTPS connection (1): api.github.com:443
2025-05-17 22:05:36,836 - urllib3.connectionpool - DEBUG - https://api.github.com:443 "GET /repos/PobloMert/TezgahTakip/releases/latest HTTP/1.1" 200 1156
